2026-05-20 09:10:12 INFO  Billing.PrintService - Starting invoice print job for customer CUST-ROSSI
2026-05-20 09:10:12 INFO  Billing.PrintService - Invoice: INV-20260520-0091, Layout: custom-invoice-layout
2026-05-20 09:10:13 INFO  Billing.Pdf.InvoiceTemplateResolver - Loading template: custom-invoice-layout
2026-05-20 09:10:13 INFO  Billing.Pdf.InvoiceTemplateResolver - Template resolved successfully
2026-05-20 09:10:13 DEBUG Billing.Pdf.InvoicePdfRenderer - Resolving PaymentTerms for invoice INV-20260520-0091
2026-05-20 09:10:13 DEBUG Billing.Pdf.InvoicePdfRenderer - PaymentTermsDescription value: null
2026-05-20 09:10:13 ERROR Billing.Pdf.InvoicePdfRenderer - NullReferenceException while rendering custom invoice layout
2026-05-20 09:10:13 ERROR   at InvoicePdfRenderer.RenderPaymentSection() in InvoicePdfRenderer.cs:line 214
2026-05-20 09:10:13 ERROR   at InvoicePdfRenderer.RenderDocument() in InvoicePdfRenderer.cs:line 88
2026-05-20 09:10:13 ERROR Field PaymentTermsDescription is null. Cannot render payment section for custom layout.
2026-05-20 09:10:14 WARN  Billing.PrintService - Invoice print job failed for INV-20260520-0091. Attempting fallback to standard layout.
2026-05-20 09:10:14 WARN  Billing.Pdf.InvoiceTemplateResolver - No fallback template configured for custom-invoice-layout.
2026-05-20 09:10:14 ERROR Billing.PrintService - Invoice print job aborted. Error: RenderingException - custom invoice layout rendering failed.
2026-05-20 09:11:00 INFO  Billing.PrintService - Retry attempt 1/3 for invoice INV-20260520-0091
2026-05-20 09:11:00 ERROR Billing.Pdf.InvoicePdfRenderer - NullReferenceException while rendering custom invoice layout
2026-05-20 09:11:00 ERROR Field PaymentTermsDescription is null
2026-05-20 09:12:00 INFO  Billing.PrintService - Retry attempt 2/3 for invoice INV-20260520-0091
2026-05-20 09:12:00 ERROR Billing.Pdf.InvoicePdfRenderer - NullReferenceException while rendering custom invoice layout
2026-05-20 09:12:00 ERROR Field PaymentTermsDescription is null
2026-05-20 09:12:41 ERROR Billing.Pdf.InvoicePdfRenderer - NullReferenceException while rendering custom invoice layout
2026-05-20 09:12:41 ERROR Field PaymentTermsDescription is null
2026-05-20 09:12:41 WARN  Billing.PrintService - Max retries reached. Invoice print job permanently failed for INV-20260520-0091.
2026-05-20 09:12:41 ERROR Billing.PrintService - FATAL: Invoice INV-20260520-0091 could not be generated. Manual intervention required.
